[{"line":1,"elements":[{"start_timestamp":"2024-11-25T21:42:50.112Z","before":[{"result":{"duration":2320053100,"status":"passed"},"match":{"location":"hook.Hooks.beforeScenario()"}}],"line":3,"name":"Fail Test","description":"","id":"failure;fail-test","after":[{"result":{"duration":242031000,"status":"passed"},"match":{"location":"hook.Hooks.afterScenario()"}}],"type":"scenario","keyword":"Scenario","steps":[{"result":{"duration":484489700,"status":"passed"},"before":[{"result":{"status":"passed"},"match":{"location":"hook.Hooks.beforeStep()"}}],"line":4,"name":"I am on the login page","match":{"location":"stepDefinitions.LoginSteps.iAmOnTheLoginPage()"},"after":[{"result":{"status":"passed"},"match":{"location":"hook.Hooks.afterStep()"}}],"keyword":"Given "},{"result":{"duration":159370400,"status":"passed"},"before":[{"result":{"duration":1998200,"status":"passed"},"match":{"location":"hook.Hooks.beforeStep()"}}],"line":5,"name":"I enter the username 'standard_user'","match":{"arguments":[{"val":"standard_user","offset":22}],"location":"stepDefinitions.LoginSteps.whenIEnterTheUsername(java.lang.String)"},"after":[{"result":{"status":"passed"},"match":{"location":"hook.Hooks.afterStep()"}}],"keyword":"When "},{"result":{"duration":112929800,"status":"passed"},"before":[{"result":{"status":"passed"},"match":{"location":"hook.Hooks.beforeStep()"}}],"line":6,"name":"I enter the password 'secret_saucessss'","match":{"arguments":[{"val":"secret_saucessss","offset":22}],"location":"stepDefinitions.LoginSteps.whenIEnterThePassword(java.lang.String)"},"after":[{"result":{"status":"passed"},"match":{"location":"hook.Hooks.afterStep()"}}],"keyword":"And "},{"result":{"duration":81273900,"status":"passed"},"before":[{"result":{"status":"passed"},"match":{"location":"hook.Hooks.beforeStep()"}}],"line":7,"name":"I click the login button","match":{"location":"stepDefinitions.LoginSteps.whenIClickTheLoginButton()"},"after":[{"result":{"status":"passed"},"match":{"location":"hook.Hooks.afterStep()"}}],"keyword":"And "},{"result":{"error_message":"org.openqa.selenium.NoSuchElementException: no such element: Unable to locate element: {\"method\":\"xpath\",\"selector\":\"//span[@class='title']\"}\n  (Session info: chrome=131.0.6778.86)\nFor documentation on this error, please visit: https://www.selenium.dev/documentation/webdriver/troubleshooting/errors#no-such-element-exception\nBuild info: version: '4.26.0', revision: '8ccf0219d7'\nSystem info: os.name: 'Windows 11', os.arch: 'amd64', os.version: '10.0', java.version: '17.0.8'\nDriver info: org.openqa.selenium.chrome.ChromeDriver\nCommand: [260bc752b1bc8f95936d61482ddc1eac, findElement {value=//span[@class='title'], using=xpath}]\nCapabilities {acceptInsecureCerts: false, browserName: chrome, browserVersion: 131.0.6778.86, chrome: {chromedriverVersion: 131.0.6778.85 (3d81e41b6f3a..., userDataDir: C:\\Users\\NATHAN~1.SHA\\AppDa...}, fedcm:accounts: true, goog:chromeOptions: {debuggerAddress: localhost:64243}, networkConnectionEnabled: false, pageLoadStrategy: normal, platformName: windows, proxy: Proxy(), se:cdp: ws://localhost:64243/devtoo..., se:cdpVersion: 131.0.6778.86, setWindowRect: true, strictFileInteractability: false, timeouts: {implicit: 0, pageLoad: 300000, script: 30000}, unhandledPromptBehavior: dismiss and notify, webauthn:extension:credBlob: true, webauthn:extension:largeBlob: true, webauthn:extension:minPinLength: true, webauthn:extension:prf: true, webauthn:virtualAuthenticators: true}\nSession ID: 260bc752b1bc8f95936d61482ddc1eac\r\n\tat java.base/jdk.internal.reflect.NativeConstructorAccessorImpl.newInstance0(Native Method)\r\n\tat java.base/jdk.internal.reflect.NativeConstructorAccessorImpl.newInstance(NativeConstructorAccessorImpl.java:77)\r\n\tat java.base/jdk.internal.reflect.DelegatingConstructorAccessorImpl.newInstance(DelegatingConstructorAccessorImpl.java:45)\r\n\tat java.base/java.lang.reflect.Constructor.newInstanceWithCaller(Constructor.java:499)\r\n\tat java.base/java.lang.reflect.Constructor.newInstance(Constructor.java:480)\r\n\tat org.openqa.selenium.remote.ErrorCodec.decode(ErrorCodec.java:167)\r\n\tat org.openqa.selenium.remote.codec.w3c.W3CHttpResponseCodec.decode(W3CHttpResponseCodec.java:138)\r\n\tat org.openqa.selenium.remote.codec.w3c.W3CHttpResponseCodec.decode(W3CHttpResponseCodec.java:50)\r\n\tat org.openqa.selenium.remote.HttpCommandExecutor.execute(HttpCommandExecutor.java:190)\r\n\tat org.openqa.selenium.remote.service.DriverCommandExecutor.invokeExecute(DriverCommandExecutor.java:216)\r\n\tat org.openqa.selenium.remote.service.DriverCommandExecutor.execute(DriverCommandExecutor.java:174)\r\n\tat org.openqa.selenium.remote.RemoteWebDriver.execute(RemoteWebDriver.java:545)\r\n\tat org.openqa.selenium.remote.ElementLocation$ElementFinder$2.findElement(ElementLocation.java:165)\r\n\tat org.openqa.selenium.remote.ElementLocation.findElement(ElementLocation.java:59)\r\n\tat org.openqa.selenium.remote.RemoteWebDriver.findElement(RemoteWebDriver.java:368)\r\n\tat org.openqa.selenium.remote.RemoteWebDriver.findElement(RemoteWebDriver.java:362)\r\n\tat element.ElementWrapper.findElement(ElementWrapper.java:21)\r\n\tat element.ElementWrapper.getText(ElementWrapper.java:25)\r\n\tat pages.Inventory.getInventoryPageTitle(Inventory.java:43)\r\n\tat stepDefinitions.InventorySteps.thenIAmOnTheInventoryPage(InventorySteps.java:30)\r\n\tat ✽.I am on the inventory page(file:///C:/Users/nathan.shaughnessy/IdeaProjects/NatsWebFramework/src/test/java/features/Failure.feature:8)\r\n","duration":10017558600,"status":"failed"},"before":[{"result":{"status":"passed"},"match":{"location":"hook.Hooks.beforeStep()"}}],"line":8,"name":"I am on the inventory page","match":{"location":"stepDefinitions.InventorySteps.thenIAmOnTheInventoryPage()"},"after":[{"result":{"duration":998700,"status":"passed"},"match":{"location":"hook.Hooks.afterStep()"}}],"keyword":"Then "}],"tags":[{"name":"@Failure"}]}],"name":"Failure","description":"","id":"failure","keyword":"Feature","uri":"file:src/test/java/features/Failure.feature","tags":[]},{"line":1,"elements":[{"start_timestamp":"2024-11-25T21:43:03.573Z","before":[{"result":{"duration":1231507000,"status":"passed"},"match":{"location":"hook.Hooks.beforeScenario()"}}],"line":3,"name":"Purchase a single item","description":"","id":"happypath;purchase-a-single-item","after":[{"result":{"duration":157980800,"status":"passed"},"match":{"location":"hook.Hooks.afterScenario()"}}],"type":"scenario","keyword":"Scenario","steps":[{"result":{"duration":777927600,"status":"passed"},"before":[{"result":{"status":"passed"},"match":{"location":"hook.Hooks.beforeStep()"}}],"line":4,"name":"I have logged in","match":{"location":"stepDefinitions.LoginSteps.iHaveLoggedIn()"},"after":[{"result":{"status":"passed"},"match":{"location":"hook.Hooks.afterStep()"}}],"keyword":"Given "},{"result":{"duration":84285900,"status":"passed"},"before":[{"result":{"status":"passed"},"match":{"location":"hook.Hooks.beforeStep()"}}],"line":5,"name":"I add 'sauce-labs-backpack' to cart","match":{"arguments":[{"val":"sauce-labs-backpack","offset":7}],"location":"stepDefinitions.InventorySteps.iAddProductToCart(java.lang.String)"},"after":[{"result":{"duration":991600,"status":"passed"},"match":{"location":"hook.Hooks.afterStep()"}}],"keyword":"When "},{"result":{"duration":722978900,"status":"passed"},"before":[{"result":{"status":"passed"},"match":{"location":"hook.Hooks.beforeStep()"}}],"line":6,"name":"I complete the checkout process","match":{"location":"stepDefinitions.CheckoutCompleteSteps.iCompleteTheCheckoutProcess()"},"after":[{"result":{"status":"passed"},"match":{"location":"hook.Hooks.afterStep()"}}],"keyword":"And "},{"result":{"duration":40702900,"status":"passed"},"before":[{"result":{"status":"passed"},"match":{"location":"hook.Hooks.beforeStep()"}}],"line":7,"name":"a message will appear confirming my order","match":{"location":"stepDefinitions.CheckoutCompleteSteps.aMessageWillAppearConfirmingMyOrder()"},"after":[{"result":{"status":"passed"},"match":{"location":"hook.Hooks.afterStep()"}}],"keyword":"Then "}]}],"name":"HappyPath","description":"","id":"happypath","keyword":"Feature","uri":"file:src/test/java/features/HappyPath.feature","tags":[]},{"line":1,"elements":[{"start_timestamp":"2024-11-25T21:43:06.602Z","before":[{"result":{"duration":832408000,"status":"passed"},"match":{"location":"hook.Hooks.beforeScenario()"}}],"line":3,"name":"Login","description":"","id":"login;login","after":[{"result":{"duration":228136000,"status":"passed"},"match":{"location":"hook.Hooks.afterScenario()"}}],"type":"scenario","keyword":"Scenario","steps":[{"result":{"duration":402851700,"status":"passed"},"before":[{"result":{"status":"passed"},"match":{"location":"hook.Hooks.beforeStep()"}}],"line":4,"name":"I am on the login page","match":{"location":"stepDefinitions.LoginSteps.iAmOnTheLoginPage()"},"after":[{"result":{"status":"passed"},"match":{"location":"hook.Hooks.afterStep()"}}],"keyword":"Given "},{"result":{"duration":148596100,"status":"passed"},"before":[{"result":{"status":"passed"},"match":{"location":"hook.Hooks.beforeStep()"}}],"line":5,"name":"I enter the username 'standard_user'","match":{"arguments":[{"val":"standard_user","offset":22}],"location":"stepDefinitions.LoginSteps.whenIEnterTheUsername(java.lang.String)"},"after":[{"result":{"status":"passed"},"match":{"location":"hook.Hooks.afterStep()"}}],"keyword":"When "},{"result":{"duration":101403400,"status":"passed"},"before":[{"result":{"status":"passed"},"match":{"location":"hook.Hooks.beforeStep()"}}],"line":6,"name":"I enter the password 'secret_sauce'","match":{"arguments":[{"val":"secret_sauce","offset":22}],"location":"stepDefinitions.LoginSteps.whenIEnterThePassword(java.lang.String)"},"after":[{"result":{"status":"passed"},"match":{"location":"hook.Hooks.afterStep()"}}],"keyword":"And "},{"result":{"duration":109961400,"status":"passed"},"before":[{"result":{"status":"passed"},"match":{"location":"hook.Hooks.beforeStep()"}}],"line":7,"name":"I click the login button","match":{"location":"stepDefinitions.LoginSteps.whenIClickTheLoginButton()"},"after":[{"result":{"duration":996900,"status":"passed"},"match":{"location":"hook.Hooks.afterStep()"}}],"keyword":"And "},{"result":{"duration":49001200,"status":"passed"},"before":[{"result":{"status":"passed"},"match":{"location":"hook.Hooks.beforeStep()"}}],"line":8,"name":"I am on the inventory page","match":{"location":"stepDefinitions.InventorySteps.thenIAmOnTheInventoryPage()"},"after":[{"result":{"status":"passed"},"match":{"location":"hook.Hooks.afterStep()"}}],"keyword":"Then "}]}],"name":"Login","description":"","id":"login","keyword":"Feature","uri":"file:src/test/java/features/Login.feature","tags":[]},{"line":1,"elements":[{"start_timestamp":"2024-11-25T21:43:08.486Z","before":[{"result":{"duration":874835900,"status":"passed"},"match":{"location":"hook.Hooks.beforeScenario()"}}],"line":2,"name":"Using .csv file to confirm product prices","description":"","id":"productpricecsv;using-.csv-file-to-confirm-product-prices","after":[{"result":{"duration":212551900,"status":"passed"},"match":{"location":"hook.Hooks.afterScenario()"}}],"type":"scenario","keyword":"Scenario","steps":[{"result":{"duration":783053900,"status":"passed"},"before":[{"result":{"duration":1526700,"status":"passed"},"match":{"location":"hook.Hooks.beforeStep()"}}],"line":3,"name":"I have logged in","match":{"location":"stepDefinitions.LoginSteps.iHaveLoggedIn()"},"after":[{"result":{"status":"passed"},"match":{"location":"hook.Hooks.afterStep()"}}],"keyword":"Given "},{"result":{"duration":26727800,"status":"passed"},"before":[{"result":{"status":"passed"},"match":{"location":"hook.Hooks.beforeStep()"}}],"line":4,"name":"I am on the inventory page","match":{"location":"stepDefinitions.InventorySteps.thenIAmOnTheInventoryPage()"},"after":[{"result":{"duration":946800,"status":"passed"},"match":{"location":"hook.Hooks.afterStep()"}}],"keyword":"When "},{"result":{"error_message":"org.openqa.selenium.NoSuchElementException: no such element: Unable to locate element: {\"method\":\"xpath\",\"selector\":\"//div[contains(@class, 'inventory_item') and .//div[contains(text(), 'Sauce Labs Fleece-Jacket')]]//div[contains(@class, 'inventory_item_price')]\"}\n  (Session info: chrome=131.0.6778.86)\nFor documentation on this error, please visit: https://www.selenium.dev/documentation/webdriver/troubleshooting/errors#no-such-element-exception\nBuild info: version: '4.26.0', revision: '8ccf0219d7'\nSystem info: os.name: 'Windows 11', os.arch: 'amd64', os.version: '10.0', java.version: '17.0.8'\nDriver info: org.openqa.selenium.chrome.ChromeDriver\nCommand: [597d3d05ca4a3b4e96c2637370a43d42, findElement {value=//div[contains(@class, 'inventory_item') and .//div[contains(text(), 'Sauce Labs Fleece-Jacket')]]//div[contains(@class, 'inventory_item_price')], using=xpath}]\nCapabilities {acceptInsecureCerts: false, browserName: chrome, browserVersion: 131.0.6778.86, chrome: {chromedriverVersion: 131.0.6778.85 (3d81e41b6f3a..., userDataDir: C:\\Users\\NATHAN~1.SHA\\AppDa...}, fedcm:accounts: true, goog:chromeOptions: {debuggerAddress: localhost:64317}, networkConnectionEnabled: false, pageLoadStrategy: normal, platformName: windows, proxy: Proxy(), se:cdp: ws://localhost:64317/devtoo..., se:cdpVersion: 131.0.6778.86, setWindowRect: true, strictFileInteractability: false, timeouts: {implicit: 0, pageLoad: 300000, script: 30000}, unhandledPromptBehavior: dismiss and notify, webauthn:extension:credBlob: true, webauthn:extension:largeBlob: true, webauthn:extension:minPinLength: true, webauthn:extension:prf: true, webauthn:virtualAuthenticators: true}\nSession ID: 597d3d05ca4a3b4e96c2637370a43d42\r\n\tat java.base/jdk.internal.reflect.NativeConstructorAccessorImpl.newInstance0(Native Method)\r\n\tat java.base/jdk.internal.reflect.NativeConstructorAccessorImpl.newInstance(NativeConstructorAccessorImpl.java:77)\r\n\tat java.base/jdk.internal.reflect.DelegatingConstructorAccessorImpl.newInstance(DelegatingConstructorAccessorImpl.java:45)\r\n\tat java.base/java.lang.reflect.Constructor.newInstanceWithCaller(Constructor.java:499)\r\n\tat java.base/java.lang.reflect.Constructor.newInstance(Constructor.java:480)\r\n\tat org.openqa.selenium.remote.ErrorCodec.decode(ErrorCodec.java:167)\r\n\tat org.openqa.selenium.remote.codec.w3c.W3CHttpResponseCodec.decode(W3CHttpResponseCodec.java:138)\r\n\tat org.openqa.selenium.remote.codec.w3c.W3CHttpResponseCodec.decode(W3CHttpResponseCodec.java:50)\r\n\tat org.openqa.selenium.remote.HttpCommandExecutor.execute(HttpCommandExecutor.java:190)\r\n\tat org.openqa.selenium.remote.service.DriverCommandExecutor.invokeExecute(DriverCommandExecutor.java:216)\r\n\tat org.openqa.selenium.remote.service.DriverCommandExecutor.execute(DriverCommandExecutor.java:174)\r\n\tat org.openqa.selenium.remote.RemoteWebDriver.execute(RemoteWebDriver.java:545)\r\n\tat org.openqa.selenium.remote.ElementLocation$ElementFinder$2.findElement(ElementLocation.java:165)\r\n\tat org.openqa.selenium.remote.ElementLocation.findElement(ElementLocation.java:59)\r\n\tat org.openqa.selenium.remote.RemoteWebDriver.findElement(RemoteWebDriver.java:368)\r\n\tat org.openqa.selenium.remote.RemoteWebDriver.findElement(RemoteWebDriver.java:362)\r\n\tat element.ElementWrapper.findElement(ElementWrapper.java:21)\r\n\tat element.ElementWrapper.getText(ElementWrapper.java:25)\r\n\tat pages.Inventory.getProductPrice(Inventory.java:51)\r\n\tat stepDefinitions.InventorySteps.thePriceOfAllProductsWillBeCorrect(InventorySteps.java:46)\r\n\tat ✽.the price of all products will be correct(file:///C:/Users/nathan.shaughnessy/IdeaProjects/NatsWebFramework/src/test/java/features/ProductPriceCSV.feature:5)\r\n","duration":10016182100,"status":"failed"},"before":[{"result":{"status":"passed"},"match":{"location":"hook.Hooks.beforeStep()"}}],"line":5,"name":"the price of all products will be correct","match":{"location":"stepDefinitions.InventorySteps.thePriceOfAllProductsWillBeCorrect()"},"after":[{"result":{"status":"passed"},"match":{"location":"hook.Hooks.afterStep()"}}],"keyword":"Then "}]}],"name":"ProductPriceCSV","description":"","id":"productpricecsv","keyword":"Feature","uri":"file:src/test/java/features/ProductPriceCSV.feature","tags":[]},{"line":1,"elements":[{"start_timestamp":"2024-11-25T21:43:20.408Z","before":[{"result":{"duration":1153213200,"status":"passed"},"match":{"location":"hook.Hooks.beforeScenario()"}}],"line":2,"name":"Enter incorrect log in details","description":"","id":"unhappypath;enter-incorrect-log-in-details","after":[{"result":{"duration":177249100,"status":"passed"},"match":{"location":"hook.Hooks.afterScenario()"}}],"type":"scenario","keyword":"Scenario","steps":[{"result":{"duration":500672600,"status":"passed"},"before":[{"result":{"status":"passed"},"match":{"location":"hook.Hooks.beforeStep()"}}],"line":3,"name":"I am on the login page","match":{"location":"stepDefinitions.LoginSteps.iAmOnTheLoginPage()"},"after":[{"result":{"status":"passed"},"match":{"location":"hook.Hooks.afterStep()"}}],"keyword":"Given "},{"result":{"duration":146816400,"status":"passed"},"before":[{"result":{"status":"passed"},"match":{"location":"hook.Hooks.beforeStep()"}}],"line":4,"name":"I enter the username 'HelloWorld'","match":{"arguments":[{"val":"HelloWorld","offset":22}],"location":"stepDefinitions.LoginSteps.whenIEnterTheUsername(java.lang.String)"},"after":[{"result":{"status":"passed"},"match":{"location":"hook.Hooks.afterStep()"}}],"keyword":"When "},{"result":{"duration":111638500,"status":"passed"},"before":[{"result":{"status":"passed"},"match":{"location":"hook.Hooks.beforeStep()"}}],"line":5,"name":"I enter the password 'HelloWorld123'","match":{"arguments":[{"val":"HelloWorld123","offset":22}],"location":"stepDefinitions.LoginSteps.whenIEnterThePassword(java.lang.String)"},"after":[{"result":{"status":"passed"},"match":{"location":"hook.Hooks.afterStep()"}}],"keyword":"And "},{"result":{"duration":85596100,"status":"passed"},"before":[{"result":{"status":"passed"},"match":{"location":"hook.Hooks.beforeStep()"}}],"line":6,"name":"I click the login button","match":{"location":"stepDefinitions.LoginSteps.whenIClickTheLoginButton()"},"after":[{"result":{"status":"passed"},"match":{"location":"hook.Hooks.afterStep()"}}],"keyword":"And "},{"result":{"duration":17694000,"status":"passed"},"before":[{"result":{"status":"passed"},"match":{"location":"hook.Hooks.beforeStep()"}}],"line":7,"name":"an error message should appear","match":{"location":"stepDefinitions.LoginSteps.anErrorMessageShouldAppear()"},"after":[{"result":{"status":"passed"},"match":{"location":"hook.Hooks.afterStep()"}}],"keyword":"Then "}]}],"name":"UnhappyPath","description":"","id":"unhappypath","keyword":"Feature","uri":"file:src/test/java/features/UnhappyPath.feature","tags":[]}]